0 info it worked if it ends with ok
1 verbose cli [ 'node', '/usr/local/bin/npm', 'publish' ]
2 info using npm@2.13.1
3 info using node@v0.12.7
4 verbose node symlink /usr/local/bin/node
5 verbose publish [ '.' ]
6 silly cache add args [ '.', null ]
7 verbose cache add spec .
8 silly cache add parsed spec { raw: '.',
8 silly cache add   scope: null,
8 silly cache add   name: null,
8 silly cache add   rawSpec: '.',
8 silly cache add   spec: '/Users/mark/src/promise-repeat',
8 silly cache add   type: 'directory' }
9 verbose addLocalDirectory /Users/mark/.npm/promise-repeat/0.1.0/package.tgz not in flight; packing
10 verbose tar pack [ '/Users/mark/.npm/promise-repeat/0.1.0/package.tgz',
10 verbose tar pack   '/Users/mark/src/promise-repeat' ]
11 verbose tarball /Users/mark/.npm/promise-repeat/0.1.0/package.tgz
12 verbose folder /Users/mark/src/promise-repeat
13 info prepublish promise-repeat@0.1.0
14 verbose addLocalTarball adding from inside cache /Users/mark/.npm/promise-repeat/0.1.0/package.tgz
15 silly cache afterAdd promise-repeat@0.1.0
16 verbose afterAdd /Users/mark/.npm/promise-repeat/0.1.0/package/package.json not in flight; writing
17 verbose afterAdd /Users/mark/.npm/promise-repeat/0.1.0/package/package.json written
18 silly publish { name: 'promise-repeat',
18 silly publish   version: '0.1.0',
18 silly publish   description: 'A simple dependency-free promise library that retries a given function until it succeeds or certain fail criteria are met',
18 silly publish   main: 'index.js',
18 silly publish   author: { name: 'Mark Kahn', email: 'm-npm@vouchr.com' },
18 silly publish   repository:
18 silly publish    { type: 'git',
18 silly publish      url: 'git+https://github.com/zyklus/promise-repeat.git' },
18 silly publish   license: 'Unlicense',
18 silly publish   readme: '# Promise Repeat\n\nA simple utility that retries a given function until it either succeeds or certain failure criteria are met.\n\nI wrote this because I couldn\'t find a small library without dependencies for the purpose of including in a browser environment.\n\n## Installation\n\n```bash\n$ npm install promise-repeat\n```\n\n## Usage\n\n```js\npromiseRepeat( fn, [options] )\n  .then ( ... )\n  .catch( ... )\n```\n\n### Options\n\n| Option | Default | Description |\n|--------|---------|-------------|\n| maxRetries | 3 | Maximum number of attempts to make before failing\n| minTimeout | 0 | Minimum time before first retry\n| maxTimeout | 3,000 (3 sec) | Maximum number of time before the promsie gets rejected\n| debounce | 0 | How long to wait between calls to the function\n| debounceFn | returns debounce | `function( retryCount, debounce )` - Custom debounce function to allow for timing adjustments\n| boolRetryFn | returns true | `function( err, { retryCount: # })` - Function that should return true or false based on `err` as to whether or not the function should keep trying.  Note that this does _not_ override the `maxRetries` or `maxTimeout` options.  Set those both to `Infinity` if you want to rely solely on this option.\n\n### License\n\n"Unlicense" or to put it simply: "Do whatever you want with this, and you don\'t need to include any silly licenses in your code.  Oh, and nothing is my fault!"\n',
18 silly publish   readmeFilename: 'Readme.md',
18 silly publish   gitHead: '0291cc6a2212dc420cc83e4d936af078a5fd6817',
18 silly publish   bugs: { url: 'https://github.com/zyklus/promise-repeat/issues' },
18 silly publish   homepage: 'https://github.com/zyklus/promise-repeat#readme',
18 silly publish   _id: 'promise-repeat@0.1.0',
18 silly publish   scripts: {},
18 silly publish   _shasum: 'e928f0418c5007593503d7615b570b41cac015e5',
18 silly publish   _from: '.' }
19 verbose getPublishConfig undefined
20 silly mapToRegistry name promise-repeat
21 silly mapToRegistry using default registry
22 silly mapToRegistry registry https://registry.npmjs.org/
23 silly mapToRegistry uri https://registry.npmjs.org/promise-repeat
24 verbose publish registryBase https://registry.npmjs.org/
25 silly publish uploading /Users/mark/.npm/promise-repeat/0.1.0/package.tgz
26 verbose request uri https://registry.npmjs.org/promise-repeat
27 verbose request sending authorization for write operation
28 info attempt registry request try #1 at 1:05:30 PM
29 verbose request using bearer token for auth
30 verbose request id b67d9661e44d9a98
31 http request PUT https://registry.npmjs.org/promise-repeat
32 http 403 https://registry.npmjs.org/promise-repeat
33 verbose headers { 'content-type': 'application/json',
33 verbose headers   'cache-control': 'max-age=60',
33 verbose headers   'content-length': '128',
33 verbose headers   'accept-ranges': 'bytes',
33 verbose headers   date: 'Wed, 22 Jul 2015 05:05:33 GMT',
33 verbose headers   via: '1.1 varnish',
33 verbose headers   connection: 'keep-alive',
33 verbose headers   'x-served-by': 'cache-sin6920-SIN',
33 verbose headers   'x-cache': 'MISS',
33 verbose headers   'x-cache-hits': '0',
33 verbose headers   'x-timer': 'S1437541532.572233,VS0,VE1101' }
34 verbose request invalidating /Users/mark/.npm/registry.npmjs.org/promise-repeat on PUT
35 error publish Failed PUT 403
36 verbose stack Error: "You cannot publish over the previously published version 0.1.0. Try bumping the version to 1.0.0" : promise-repeat
36 verbose stack     at CachingRegistryClient.<anonymous> (/usr/local/lib/node_modules/npm/node_modules/npm-registry-client/lib/request.js:247:14)
36 verbose stack     at Request._callback (/usr/local/lib/node_modules/npm/node_modules/npm-registry-client/lib/request.js:170:14)
36 verbose stack     at Request.self.callback (/usr/local/lib/node_modules/npm/node_modules/request/request.js:197:22)
36 verbose stack     at Request.emit (events.js:110:17)
36 verbose stack     at Request.<anonymous> (/usr/local/lib/node_modules/npm/node_modules/request/request.js:1050:14)
36 verbose stack     at Request.emit (events.js:129:20)
36 verbose stack     at IncomingMessage.<anonymous> (/usr/local/lib/node_modules/npm/node_modules/request/request.js:996:12)
36 verbose stack     at IncomingMessage.emit (events.js:129:20)
36 verbose stack     at _stream_readable.js:908:16
36 verbose stack     at process._tickCallback (node.js:355:11)
37 verbose statusCode 403
38 verbose pkgid promise-repeat
39 verbose cwd /Users/mark/src/promise-repeat
40 error Darwin 14.4.0
41 error argv "node" "/usr/local/bin/npm" "publish"
42 error node v0.12.7
43 error npm  v2.13.1
44 error code E403
45 error "You cannot publish over the previously published version 0.1.0. Try bumping the version to 1.0.0" : promise-repeat
46 error If you need help, you may report this error at:
46 error     <https://github.com/npm/npm/issues>
47 verbose exit [ 1, true ]
